<?xml version="1.0" encoding="UTF-8"?>
<!-- Generated by org.testng.reporters.JUnitXMLReporter -->
<testsuite hostname="xyzPC" ignored="0" name="Default test" tests="10" failures="0" timestamp="25 Jan 2018 16:16:42 GMT" time="43.506" errors="0">
  <testcase name="setUp" time="30.246" classname="com.crm.qa.testcases.HomePageTest"/>
  <testcase name="AddPost" time="1.517" classname="com.crm.qa.testcases.HomePageTest"/>
  <testcase name="AddNewLinkForPost" time="1.338" classname="com.crm.qa.testcases.HomePageTest"/>
  <testcase name="EnterTitleForPost" time="0.667" classname="com.crm.qa.testcases.HomePageTest"/>
  <testcase name="VerifyPostInPreviewPage" time="2.49" classname="com.crm.qa.testcases.HomePageTest"/>
  <testcase name="AddTag" time="0.29" classname="com.crm.qa.testcases.HomePageTest"/>
  <testcase name="SelectRadio" time="5.044" classname="com.crm.qa.testcases.HomePageTest"/>
  <testcase name="SelectScreenOptionInHomePage" time="0.573" classname="com.crm.qa.testcases.HomePageTest"/>
  <testcase name="ClickPreviewBtn" time="0.293" classname="com.crm.qa.testcases.HomePageTest"/>
  <testcase name="LogoutFromUrl" time="0.917" classname="com.crm.qa.testcases.HomePageTest"/>
</testsuite> <!-- Default test -->
