<?xml version="1.0" encoding="UTF-8"?>
<testng-results skipped="0" failed="0" ignored="0" total="10" passed="10">
  <reporter-output>
  </reporter-output>
  <suite name="HyBridFramework_Test Automation Test Suite" duration-ms="23490" started-at="2018-01-25T16:52:05Z" finished-at="2018-01-25T16:52:28Z">
    <groups>
    </groups>
    <test name="Free CRM App Test Cases" duration-ms="23490" started-at="2018-01-25T16:52:05Z" finished-at="2018-01-25T16:52:28Z">
      <class name="com.crm.qa.testcases.HomePageTest">
        <test-method status="PASS" signature="setUp()[pri:1, instance:com.crm.qa.testcases.HomePageTest@18067a5]" name="setUp" duration-ms="10754" started-at="2018-01-25T22:22:05Z" finished-at="2018-01-25T22:22:15Z">
          <reporter-output>
          </reporter-output>
        </test-method> <!-- setUp -->
        <test-method status="PASS" signature="AddPost()[pri:2, instance:com.crm.qa.testcases.HomePageTest@18067a5]" name="AddPost" duration-ms="1625" started-at="2018-01-25T22:22:15Z" finished-at="2018-01-25T22:22:17Z">
          <reporter-output>
          </reporter-output>
        </test-method> <!-- AddPost -->
        <test-method status="PASS" signature="AddNewLinkForPost()[pri:3, instance:com.crm.qa.testcases.HomePageTest@18067a5]" name="AddNewLinkForPost" duration-ms="1322" started-at="2018-01-25T22:22:17Z" finished-at="2018-01-25T22:22:18Z">
          <reporter-output>
          </reporter-output>
        </test-method> <!-- AddNewLinkForPost -->
        <test-method status="PASS" signature="EnterTitleForPost()[pri:4, instance:com.crm.qa.testcases.HomePageTest@18067a5]" name="EnterTitleForPost" duration-ms="377" started-at="2018-01-25T22:22:18Z" finished-at="2018-01-25T22:22:19Z">
          <reporter-output>
          </reporter-output>
        </test-method> <!-- EnterTitleForPost -->
        <test-method status="PASS" signature="VerifyPostInPreviewPage()[pri:5, instance:com.crm.qa.testcases.HomePageTest@18067a5]" name="VerifyPostInPreviewPage" duration-ms="2225" started-at="2018-01-25T22:22:19Z" finished-at="2018-01-25T22:22:21Z">
          <reporter-output>
          </reporter-output>
        </test-method> <!-- VerifyPostInPreviewPage -->
        <test-method status="PASS" signature="AddTag()[pri:6, instance:com.crm.qa.testcases.HomePageTest@18067a5]" name="AddTag" duration-ms="231" started-at="2018-01-25T22:22:21Z" finished-at="2018-01-25T22:22:21Z">
          <reporter-output>
          </reporter-output>
        </test-method> <!-- AddTag -->
        <test-method status="PASS" signature="SelectRadio()[pri:7, instance:com.crm.qa.testcases.HomePageTest@18067a5]" name="SelectRadio" duration-ms="4385" started-at="2018-01-25T22:22:21Z" finished-at="2018-01-25T22:22:26Z">
          <reporter-output>
          </reporter-output>
        </test-method> <!-- SelectRadio -->
        <test-method status="PASS" signature="SelectScreenOptionInHomePage()[pri:8, instance:com.crm.qa.testcases.HomePageTest@18067a5]" name="SelectScreenOptionInHomePage" duration-ms="444" started-at="2018-01-25T22:22:26Z" finished-at="2018-01-25T22:22:26Z">
          <reporter-output>
          </reporter-output>
        </test-method> <!-- SelectScreenOptionInHomePage -->
        <test-method status="PASS" signature="ClickPreviewBtn()[pri:9, instance:com.crm.qa.testcases.HomePageTest@18067a5]" name="ClickPreviewBtn" duration-ms="301" started-at="2018-01-25T22:22:26Z" finished-at="2018-01-25T22:22:26Z">
          <reporter-output>
          </reporter-output>
        </test-method> <!-- ClickPreviewBtn -->
        <test-method status="PASS" signature="LogoutFromUrl()[pri:10, instance:com.crm.qa.testcases.HomePageTest@18067a5]" name="LogoutFromUrl" duration-ms="1123" started-at="2018-01-25T22:22:26Z" finished-at="2018-01-25T22:22:27Z">
          <reporter-output>
          </reporter-output>
        </test-method> <!-- LogoutFromUrl -->
        <test-method status="PASS" signature="tearDown()[pri:0, instance:com.crm.qa.testcases.HomePageTest@18067a5]" name="tearDown" is-config="true" duration-ms="648" started-at="2018-01-25T22:22:27Z" finished-at="2018-01-25T22:22:28Z">
          <reporter-output>
          </reporter-output>
        </test-method> <!-- tearDown -->
      </class> <!-- com.crm.qa.testcases.HomePageTest -->
    </test> <!-- Free CRM App Test Cases -->
  </suite> <!-- HyBridFramework_Test Automation Test Suite -->
</testng-results>
